sim-cache: SimpleScalar/Alpha Tool Set version 3.0 of August, 2003.
Copyright (c) 1994-2003 by Todd M. Austin, Ph.D. and SimpleScalar, LLC.
All Rights Reserved. This version of SimpleScalar is licensed for academic
non-commercial use.  No portion of this work may be used by any commercial
entity, or for any commercial purpose, without the prior written permission
of SimpleScalar, LLC (info@simplescalar.com).

warning: section `.comment' ignored...
sim: command line: ./sim-cache -config lab1_cache_2a.cfg -redir:sim sim_lab1_cache_2a.out ./test-math 

sim: simulation started @ Thu Apr  1 22:53:57 2021, options follow:

sim-cache: This simulator implements a functional cache simulator.  Cache
statistics are generated for a user-selected cache and TLB configuration,
which may include up to two levels of instruction and data cache (with any
levels unified), and one level of instruction and data TLBs.  No timing
information is generated.

# -config                     # load configuration from a file
# -dumpconfig                 # dump configuration to a file
# -h                    false # print help message    
# -v                    false # verbose operation     
# -d                    false # enable debug message  
# -i                    false # start in Dlite debugger
-seed                       1 # random number generator seed (0 for timer seed)
# -q                    false # initialize and terminate immediately
# -chkpt               <null> # restore EIO trace execution from <fname>
# -redir:sim     sim_lab1_cache_2a.out # redirect simulator output to file (non-interactive only)
# -redir:prog          <null> # redirect simulated program output to file
-nice                       0 # simulator scheduling priority
-max:inst                   0 # maximum number of inst's to execute
-cache:dl1       d11:512:16:8:l # l1 data cache config, i.e., {<config>|none}
-cache:dl2               none # l2 data cache config, i.e., {<config>|none}
-cache:il1       il1:256:32:1:l # l1 inst cache config, i.e., {<config>|dl1|dl2|none}
-cache:il2               none # l2 instruction cache config, i.e., {<config>|dl2|none}
-tlb:itlb                none # instruction TLB config, i.e., {<config>|none}
-tlb:dtlb                none # data TLB config, i.e., {<config>|none}
-flush                  false # flush caches on system calls
-cache:icompress        false # convert 64-bit inst addresses to 32-bit inst equivalents
# -pcstat              <null> # profile stat(s) against text addr's (mult uses ok)

  The cache config parameter <config> has the following format:

    <name>:<nsets>:<bsize>:<assoc>:<repl>

    <name>   - name of the cache being defined
    <nsets>  - number of sets in the cache
    <bsize>  - block size of the cache
    <assoc>  - associativity of the cache
    <repl>   - block replacement strategy, 'l'-LRU, 'f'-FIFO, 'r'-random

    Examples:   -cache:dl1 dl1:4096:32:1:l
                -dtlb dtlb:128:4096:32:r

  Cache levels can be unified by pointing a level of the instruction cache
  hierarchy at the data cache hiearchy using the "dl1" and "dl2" cache
  configuration arguments.  Most sensible combinations are supported, e.g.,

    A unified l2 cache (il2 is pointed at dl2):
      -cache:il1 il1:128:64:1:l -cache:il2 dl2
      -cache:dl1 dl1:256:32:1:l -cache:dl2 ul2:1024:64:2:l

    Or, a fully unified cache hierarchy (il1 pointed at dl1):
      -cache:il1 dl1
      -cache:dl1 ul1:256:32:1:l -cache:dl2 ul2:1024:64:2:l



sim: ** starting functional simulation w/ caches **
warning: partially supported sigprocmask() call...

sim: ** simulation statistics **
sim_num_insn                  49679 # total number of instructions executed
sim_num_refs                  13723 # total number of loads and stores executed
sim_elapsed_time                  1 # total simulation time in seconds
sim_inst_rate            49679.0000 # simulation speed (in insts/sec)
il1.accesses                  49679 # total number of accesses
il1.hits                      45225 # total number of hits
il1.misses                     4454 # total number of misses
il1.replacements               4202 # total number of replacements
il1.writebacks                    0 # total number of writebacks
il1.invalidations                 0 # total number of invalidations
il1.miss_rate                0.0897 # miss rate (i.e., misses/ref)
il1.repl_rate                0.0846 # replacement rate (i.e., repls/ref)
il1.wb_rate                  0.0000 # writeback rate (i.e., wrbks/ref)
il1.inv_rate                 0.0000 # invalidation rate (i.e., invs/ref)
d11.accesses                  14197 # total number of accesses
d11.hits                      13545 # total number of hits
d11.misses                      652 # total number of misses
d11.replacements                  0 # total number of replacements
d11.writebacks                    0 # total number of writebacks
d11.invalidations                 0 # total number of invalidations
d11.miss_rate                0.0459 # miss rate (i.e., misses/ref)
d11.repl_rate                0.0000 # replacement rate (i.e., repls/ref)
d11.wb_rate                  0.0000 # writeback rate (i.e., wrbks/ref)
d11.inv_rate                 0.0000 # invalidation rate (i.e., invs/ref)
ld_text_base           0x0120000000 # program text (code) segment base
ld_text_size                 188416 # program text (code) size in bytes
ld_data_base           0x0140000000 # program initialized data segment base
ld_data_size                  41984 # program init'ed `.data' and uninit'ed `.bss' size in bytes
ld_stack_base          0x011ff9b000 # program stack segment base (highest address in stack)
ld_stack_size                 16384 # program initial stack size
ld_prog_entry          0x012000f750 # program entry point (initial PC)
ld_environ_base        0x011ff97000 # program environment base address address
ld_target_big_endian              0 # target executable endian-ness, non-zero if big endian
mem.page_count                   29 # total number of pages allocated
mem.page_mem                   232k # total size of memory pages allocated
mem.ptab_misses                  75 # total first level page table misses
mem.ptab_accesses            550110 # total page table accesses
mem.ptab_miss_rate           0.0001 # first level page table miss rate

